SF:lib\data\models\user_model.dart
DA:5,2
LF:1
LH:1
end_of_record
SF:lib\data\repositories\authentication\auth_repository_impl.dart
DA:10,3
DA:12,1
DA:13,2
DA:15,0
DA:16,0
DA:18,2
DA:21,4
DA:25,2
DA:26,2
DA:29,2
DA:30,0
DA:31,0
DA:32,0
DA:33,0
DA:34,0
DA:36,0
DA:41,2
DA:44,4
DA:48,2
DA:49,2
DA:52,2
DA:53,0
DA:54,0
DA:55,0
DA:56,0
DA:57,0
DA:59,0
DA:64,0
DA:66,0
LF:29
LH:13
end_of_record
SF:lib\core\exceptions\auth_exception.dart
DA:5,0
DA:10,0
DA:12,0
DA:18,0
DA:24,0
DA:31,0
LF:6
LH:0
end_of_record
SF:lib\data\models\transactions_model.dart
DA:2,3
DA:20,0
DA:21,0
DA:24,0
DA:33,0
DA:34,0
DA:35,0
DA:36,0
DA:37,0
DA:38,0
DA:39,0
DA:40,0
DA:43,0
DA:44,0
DA:46,0
DA:47,0
DA:48,0
DA:49,0
DA:50,0
DA:51,0
DA:54,2
DA:55,1
DA:56,1
DA:57,1
DA:58,1
DA:59,2
DA:60,1
DA:63,0
DA:65,0
LF:29
LH:8
end_of_record
SF:lib\presentation\expenses\controller\expenses_controller.dart
DA:11,1
DA:16,2
DA:18,1
DA:19,2
DA:22,2
DA:24,2
DA:26,5
DA:27,2
DA:29,3
LF:9
LH:9
end_of_record
SF:lib\presentation\expenses\controller\expenses_state.dart
DA:12,1
DA:17,1
LF:2
LH:2
end_of_record
SF:lib\presentation\income\controller\income_controller.dart
DA:12,3
DA:14,1
DA:19,2
DA:21,1
DA:22,3
DA:25,2
DA:28,2
DA:30,4
DA:31,1
DA:33,3
DA:35,4
LF:11
LH:11
end_of_record
SF:lib\presentation\income\controller\income_state.dart
DA:12,1
DA:17,1
LF:2
LH:2
end_of_record
SF:lib\presentation\splash\controller\splash_controller.dart
DA:10,1
DA:13,2
DA:15,0
DA:17,1
DA:18,1
DA:19,2
DA:20,0
DA:22,3
LF:8
LH:6
end_of_record
SF:lib\presentation\login\controller\auth_controller.dart
DA:11,1
DA:14,2
DA:16,1
DA:17,3
DA:19,1
DA:20,2
DA:21,3
DA:23,3
DA:27,1
DA:28,3
DA:30,1
DA:31,2
DA:32,3
DA:34,3
LF:14
LH:14
end_of_record
